-------------------------------------------------------------------------------
Test set: SalidaServiceTest
-------------------------------------------------------------------------------
Tests run: 2, Failures: 1, Errors: 0, Skipped: 0, Time elapsed: 0 s <<< FAILURE! - in SalidaServiceTest
testRegistrarSalida(SalidaServiceTest)  Time elapsed: 0 s  <<< FAILURE!
java.lang.AssertionError
	at SalidaServiceTest.testRegistrarSalida(SalidaServiceTest.java:33)

