<?xml version="1.0" encoding="UTF-8"?>
<testsuite xmlns:xsi="http://www.w3.org/2001/XMLSchema-instance" xsi:noNamespaceSchemaLocation="https://maven.apache.org/surefire/maven-surefire-plugin/xsd/surefire-test-report.xsd" name="AbonoServiceTest" time="0" tests="3" errors="2" skipped="0" failures="0">
  <properties>
[...]
</properties>
  <testcase name="testDeleteAbono" classname="AbonoServiceTest" time="0">
    <error type="java.lang.NullPointerException">java.lang.NullPointerException
	at AbonoServiceTest.testDeleteAbono(AbonoServiceTest.java:54)
</error>
  </testcase>
  <testcase name="testaddAbono" classname="AbonoServiceTest" time="0">
    <error type="java.lang.NullPointerException">java.lang.NullPointerException
	at AbonoServiceTest.testaddAbono(AbonoServiceTest.java:43)
</error>
  </testcase>
  <testcase name="testGetAbonos" classname="AbonoServiceTest" time="0"/>
</testsuite>